\BOOKMARK [1][-]{section*.1}{\376\377\000g\000i\000t\000h\000u\000b\060\156\060\352\060\335\060\270\060\310\060\352\060\156\000U\000R\000L}{}% 1
\BOOKMARK [1][-]{section*.2}{\376\377\225\213\166\172\200\005\124\021\060\121\060\336\060\313\060\345\060\242\060\353}{}% 2
\BOOKMARK [2][-]{section*.3}{\376\377\0001\060\144\166\356\000:\060\157\060\176\133\377\123\370\060\341\060\313\060\345\060\374\116\000\211\247}{section*.2}% 3
\BOOKMARK [3][-]{section*.4}{\376\377\151\202\211\201}{section*.3}% 4
\BOOKMARK [3][-]{section*.5}{\376\377\060\307\060\374\060\277\151\313\220\040}{section*.3}% 5
\BOOKMARK [3][-]{section*.6}{\376\377\060\332\060\374\060\270\220\167\171\373}{section*.3}% 6
\BOOKMARK [3][-]{section*.7}{\376\377\060\352\060\275\060\374\060\271\060\124\060\150\060\156\152\137\200\375\060\156\212\163\175\060}{section*.3}% 7
\BOOKMARK [2][-]{section*.8}{\376\377\0002\060\144\166\356\000:\000t\000e\000x\145\160\133\146\212\030\123\367\116\000\211\247}{section*.2}% 8
\BOOKMARK [3][-]{section*.9}{\376\377\151\202\211\201}{section*.8}% 9
\BOOKMARK [3][-]{section*.10}{\376\377\060\307\060\374\060\277\151\313\220\040}{section*.8}% 10
\BOOKMARK [3][-]{section*.11}{\376\377\060\332\060\374\060\270\220\167\171\373}{section*.8}% 11
\BOOKMARK [3][-]{section*.12}{\376\377\060\352\060\275\060\374\060\271\060\124\060\150\060\156\152\137\200\375\060\156\212\163\175\060}{section*.8}% 12
\BOOKMARK [2][-]{section*.13}{\376\377\0003\060\144\166\356\000:\131\047\116\161\225\330\060\271\060\336\060\303\060\267\060\345\060\326\060\351\060\266\060\374\060\272\060\325\060\241\060\244\060\277\060\374\116\000\211\247}{section*.2}% 13
\BOOKMARK [3][-]{section*.14}{\376\377\151\202\211\201}{section*.13}% 14
\BOOKMARK [3][-]{section*.15}{\376\377\060\307\060\374\060\277\151\313\220\040}{section*.13}% 15
\BOOKMARK [3][-]{section*.16}{\376\377\060\332\060\374\060\270\220\167\171\373}{section*.13}% 16
\BOOKMARK [3][-]{section*.17}{\376\377\060\352\060\275\060\374\060\271\060\124\060\150\060\156\152\137\200\375\060\156\212\163\175\060}{section*.13}% 17
\BOOKMARK [1][-]{section*.18}{\376\377\173\241\164\006\200\005\124\021\060\121\060\336\060\313\060\345\060\242\060\353}{}% 18
\BOOKMARK [2][-]{section*.19}{\376\377\060\244\060\363\060\271\060\310\060\374\060\353\145\271\154\325}{section*.18}% 19
\BOOKMARK [2][-]{section*.20}{\376\377\215\167\122\325\145\271\154\325}{section*.18}% 20
\BOOKMARK [2][-]{section*.21}{\376\377\215\167\122\325\060\147\060\115\060\152\060\104\130\064\124\010\060\156\133\376\121\346\154\325}{section*.18}% 21
\BOOKMARK [2][-]{section*.22}{\376\377\175\102\116\206\145\271\154\325}{section*.18}% 22
\BOOKMARK [2][-]{section*.23}{\376\377\060\217\060\113\060\143\060\146\060\104\060\213\116\015\121\167\124\010}{section*.18}% 23
\BOOKMARK [1][-]{section*.24}{\376\377\122\051\165\050\200\005\124\021\060\121\060\336\060\313\060\345\060\242\060\353}{}% 24
\BOOKMARK [2][-]{section*.25}{\376\377\151\202\211\201}{section*.24}% 25
\BOOKMARK [2][-]{section*.26}{\376\377\127\372\147\054\166\204\060\152\144\315\117\134\060\156\155\101\060\214}{section*.24}% 26
\BOOKMARK [2][-]{section*.27}{\376\377\144\315\117\134\142\113\230\006\060\156\212\163\175\060}{section*.24}% 27
\BOOKMARK [3][-]{section*.28}{\376\377\060\267\060\271\060\306\060\340\060\156\215\167\122\325}{section*.27}% 28
\BOOKMARK [3][-]{section*.29}{\376\377\060\307\060\374\060\277\060\156\225\262\211\247\145\271\154\325}{section*.27}% 29
\BOOKMARK [3][-]{section*.30}{\376\377\145\260\060\127\060\117\060\307\060\374\060\277\060\222\166\173\223\062\060\131\060\213\145\271\154\325}{section*.27}% 30
\BOOKMARK [3][-]{section*.31}{\376\377\145\342\133\130\060\307\060\374\060\277\060\156\117\356\153\143\145\271\154\325}{section*.27}% 31
\BOOKMARK [3][-]{section*.32}{\376\377\060\307\060\374\060\277\060\156\122\112\226\144\145\271\154\325}{section*.27}% 32
